INFO   - 13-12-2023 16:33:40 - Создан объект Person: Qwe Jane Doe, возраст: 30
INFO   - 13-12-2023 16:33:59 - Создан объект Person: Qwe Jane Doe, возраст: 30, ID: 123231, уровень доступа: 5
INFO   - 13-12-2023 16:33:59 - Создан объект Employee: Qwe Jane Doe, возраст: 30, ID: 123231, уровень доступа: 5
ERROR  - 13-12-2023 16:34:56 - Неверный ID: None. Должен быть положительным целым числом в диапазоне от 100000 до 999999.
ERROR  - 13-12-2023 16:35:35 - Неверный ID: None. Должен быть положительным целым числом в диапазоне от 100000 до 999999.
ERROR  - 13-12-2023 16:35:45 - Ошибочно задан возраст: 0
ERROR  - 13-12-2023 16:37:53 - Ошибочно задан возраст: 0
INFO   - 13-12-2023 16:37:58 - Создан объект Person: 12 12 Doe, возраст: 12
INFO   - 13-12-2023 16:38:23 - Создан объект Person: 12 12 Doe, возраст: 12
ERROR  - 13-12-2023 16:50:02 - Ошибка в имени: 12 или пустое имя
ERROR  - 13-12-2023 16:51:27 - Ошибка в имени: 12 или пустое имя
ERROR  - 13-12-2023 16:51:55 - Ошибка в имени: 12 или пустое имя
ERROR  - 13-12-2023 16:52:38 - Ошибка в имени: 12 или пустое имя
ERROR  - 13-12-2023 16:52:56 - Неверный ID: None. Должен быть положительным целым числом в диапазоне от 100000 до 999999.
ERROR  - 13-12-2023 16:53:42 - Неверный ID: None. Должен быть положительным целым числом в диапазоне от 100000 до 999999.
INFO   - 13-12-2023 16:53:53 - Создан объект Person: Яков Первый Георг, возраст: 12
ERROR  - 13-12-2023 16:58:36 - Ошибка в имени:  или пустое имя
INFO   - 13-12-2023 17:01:10 - Создан объект Person: Яков Второй Георг, возраст: 12
INFO   - 13-12-2023 17:05:24 - Создан объект Person: Яков Второй Георг, возраст: 12
INFO   - 13-12-2023 18:48:06 - Создан объект Person: Яковлев Федор Сергеевич, возраст: 32
INFO   - 13-12-2023 18:51:21 - Создан объект Person: Иванов Иван Васильевич, возраст: 19, ID: 345215, уровень доступа: 6
INFO   - 13-12-2023 18:51:21 - Создан объект Employee: Иванов Иван Васильевич, возраст: 19, ID: 345215, уровень доступа: 6
